[2015/7/22 - 18:35:11] AdmcCmd: Bob Marley has created business ID 1.
[2015/7/22 - 18:35:37] AdmCmd: Bob Marley has set business ID 1's price to $1000000.
[2015/7/22 - 18:35:50] AdmCmd: Bob Marley has set business ID 1's level to 1.
[2015/7/22 - 18:35:59] AdmCmd: Bob Marley has set business ID 1's level to 1.
[2015/7/22 - 18:36:15] AdmCmd: Bob Marley has set business ID 1's products to 10000.
[2015/7/22 - 18:36:17] AdmCmd: Bob Marley has set business ID 1's products to 1000000.
[2015/7/22 - 18:36:51] Bob Marley has edited Business ID 1's Interior.
[2015/7/22 - 18:37:7] Bob Marley has edited Business ID 1's Interior.
[2015/7/22 - 18:37:48] AdmCmd: Bob Marley has set business ID 1's type to 2.
[2015/7/22 - 18:39:49] AdmcCmd: Bob Marley has created business ID 2.
[2015/7/22 - 18:40:11] AdmCmd: Bob Marley has set business ID 2's price to $1000000.
[2015/7/22 - 18:40:20] AdmCmd: Bob Marley has set business ID 2's type to 3.
[2015/7/22 - 18:41:12] Bob Marley has edited Business ID 2's Interior.
[2015/7/22 - 18:41:31] AdmCmd: Bob Marley has set business ID 2's products to 1000000.
[2015/7/22 - 18:43:20] AdmcCmd: Bob Marley has created business ID 3.
[2015/7/22 - 18:43:50] AdmCmd: Bob Marley has set business ID 3's price to $1000000.
[2015/7/22 - 18:44:1] AdmCmd: Bob Marley has set business ID 1's level to 1.
[2015/7/22 - 18:44:4] AdmCmd: Bob Marley has set business ID 3's level to 1.
[2015/7/22 - 18:44:35] Bob Marley has edited Business ID 3's Interior.
[2015/7/22 - 18:45:2] AdmCmd: Bob Marley has set business ID 3's level to 1.
[2015/7/22 - 18:45:15] AdmCmd: Bob Marley has set business ID 3's type to 5.
[2015/7/22 - 18:45:20] AdmCmd: Bob Marley has set business ID 3's type to 4.
[2015/7/22 - 18:45:38] AdmCmd: Bob Marley has set business ID 3's products to 100000000.
[2015/7/24 - 7:16:56] AdmCmd: Xav Martin has set business ID 1's owner to Xav Martin.
[2015/7/24 - 7:18:13] AdmCmd: Xav Martin has changed business ID 1's location.
[2015/7/24 - 7:18:19] AdmCmd: Xav Martin has changed business ID 1's location.
[2015/7/24 - 7:18:30] Xav Martin has edited Business ID 1's Interior.
