[2015/7/23 - 3:17:18] Marley has edited DoorID 0's Color.
[2015/7/23 - 3:19:3] Marley has edited DoorID 0's Color.
[2015/7/23 - 3:19:8] Marley has edited DoorID 0's Color.
[2015/7/23 - 3:19:12] Marley has edited DoorID 0's Color.
[2015/7/23 - 3:19:18] Marley has edited DoorID 0's Color.
[2015/7/23 - 3:19:25] Marley has edited DoorID 0's Color.
[2015/7/23 - 3:19:32] Marley has edited DoorID 0's Color.
[2015/7/23 - 3:19:36] Marley has edited DoorID 0's Color.
[2015/7/23 - 3:19:43] Marley has edited DoorID 0's Color.
[2015/7/23 - 3:19:47] Marley has edited DoorID 0's Color.
[2015/7/23 - 3:19:54] Marley has edited DoorID 0's Color.
[2015/7/23 - 3:20:0] Marley has edited DoorID 0's Color.
[2015/7/23 - 3:20:4] Marley has edited DoorID 0's Color.
[2015/7/23 - 11:53:34] Marley has edited DoorID 35's Exterior.
[2015/7/23 - 11:54:43] Marley has edited DoorID 35's Interior.
[2015/7/23 - 11:55:35] Marley has edited DoorID 3's Color.
[2015/7/23 - 11:55:47] Marley has edited DoorID 7's Color.
[2015/7/23 - 11:56:7] Marley has edited DoorID 35's Color.
[2015/7/23 - 11:56:17] Marley has edited DoorID 35's Color.
[2015/7/23 - 11:56:21] Marley has edited DoorID 35's Color.
[2015/7/23 - 11:56:28] Marley has edited DoorID 35's Color.
[2015/7/23 - 11:56:34] Marley has edited DoorID 35's Color.
[2015/7/23 - 11:56:48] Marley has edited DoorID 35's Color.
[2015/7/23 - 12:2:5] Dantey has edited DoorID 35's Name to Los Nortenos [owner: server].
[2015/7/23 - 12:2:18] Dantey has edited DoorID 10's PickupModel.
[2015/7/23 - 12:2:26] Dantey has edited DoorID 35's PickupModel.
[2015/7/23 - 12:2:28] Dantey has edited DoorID 35's PickupModel.
[2015/7/23 - 12:2:36] Dantey has edited DoorID 10's PickupModel.
[2015/7/23 - 12:2:40] Dantey has edited DoorID 1's PickupModel.
[2015/7/23 - 12:2:43] Dantey has edited DoorID 2's PickupModel.
[2015/7/23 - 12:2:46] Dantey has edited DoorID 3's PickupModel.
[2015/7/23 - 12:2:56] Dantey has edited DoorID 35's PickupModel.
[2015/7/23 - 12:3:0] Dantey has edited DoorID 35's PickupModel.
[2015/7/23 - 12:3:4] Dantey has edited DoorID 35's PickupModel.
[2015/7/23 - 12:3:15] Dantey has edited DoorID 10's Color.
[2015/7/23 - 12:3:19] Dantey has edited DoorID 35's Color.
[2015/7/23 - 12:3:23] Dantey has edited DoorID 35's Color.
[2015/7/23 - 12:3:27] Dantey has edited DoorID 35's Color.
[2015/7/23 - 12:3:30] Dantey has edited DoorID 35's Color.
[2015/7/23 - 12:3:33] Dantey has edited DoorID 35's Color.
[2015/7/23 - 12:3:36] Dantey has edited DoorID 35's Color.
[2015/7/23 - 12:3:39] Dantey has edited DoorID 35's Color.
[2015/7/23 - 12:3:43] Dantey has edited DoorID 35's Color.
[2015/7/23 - 12:3:46] Dantey has edited DoorID 35's Color.
[2015/7/23 - 12:3:49] Dantey has edited DoorID 35's Color.
[2015/7/23 - 12:3:52] Dantey has edited DoorID 35's Color.
[2015/7/23 - 12:3:54] Dantey has edited DoorID 35's Color.
[2015/7/23 - 12:4:6] Dantey has edited DoorID 9's Color.
[2015/7/23 - 12:4:9] Dantey has edited DoorID 35's Color.
[2015/7/24 - 9:7:54] Xav has edited DoorID 2's PickupModel.
[2015/7/24 - 9:7:58] Xav has edited DoorID 2's PickupModel.
[2015/7/24 - 9:8:4] Xav has edited DoorID 2's PickupModel.
[2015/7/24 - 9:8:7] Xav has edited DoorID 2's PickupModel.
[2015/7/24 - 9:8:11] Xav has edited DoorID 2's PickupModel.
[2015/7/24 - 9:8:14] Xav has edited DoorID 2's PickupModel.
[2015/7/24 - 9:8:16] Xav has edited DoorID 2's PickupModel.
[2015/7/24 - 9:8:20] Xav has edited DoorID 2's PickupModel.
[2015/7/24 - 9:8:24] Xav has edited DoorID 2's PickupModel.
[2015/7/24 - 9:8:26] Xav has edited DoorID 2's PickupModel.
[2015/7/24 - 10:1:49] Xav Martin has edited DoorID 41's Exterior.
[2015/7/24 - 10:1:52] Xav Martin has edited DoorID 43's Exterior.
[2015/7/24 - 10:3:15] Xav Martin has edited DoorID 40's Exterior.
[2015/7/24 - 10:3:56] Xav Martin has edited DoorID 48's Exterior.
[2015/7/24 - 10:4:6] Xav Martin has edited DoorID 40's Exterior.
[2015/7/24 - 10:4:9] Xav Martin has edited DoorID 41's Exterior.
[2015/7/24 - 10:4:41] Xav Martin has edited DoorID 43's Exterior.
[2015/7/24 - 10:4:42] Xav Martin has edited DoorID 41's Exterior.
[2015/7/24 - 10:4:44] Xav Martin has edited DoorID 40's Exterior.
[2015/7/24 - 14:43:28] Xav Martin has edited DoorID 3's PickupModel.
[2015/7/24 - 14:43:31] Xav Martin has edited DoorID 3's PickupModel.
[2015/7/24 - 14:43:33] Xav Martin has edited DoorID 3's PickupModel.
[2015/7/24 - 14:43:35] Xav Martin has edited DoorID 3's PickupModel.
[2015/7/24 - 14:43:36] Xav Martin has edited DoorID 3's PickupModel.
[2015/7/24 - 14:43:40] Xav Martin has edited DoorID 3's PickupModel.
[2015/7/24 - 14:43:47] Xav Martin has edited DoorID 3's PickupModel.
[2015/7/24 - 14:43:53] Xav Martin has edited DoorID 3's PickupModel.
[2015/7/24 - 14:43:56] Xav Martin has edited DoorID 3's PickupModel.
[2015/7/24 - 14:44:9] Xav Martin has edited DoorID 3's PickupModel.
[2015/7/24 - 17:41:58] Xav has edited DoorID 41's PickupModel.
[2015/7/24 - 17:42:22] Xav has edited DoorID 41's PickupModel.
[2015/7/24 - 17:42:25] Xav has edited DoorID 41's PickupModel.
[2015/7/24 - 17:42:27] Xav has edited DoorID 41's PickupModel.
[2015/7/24 - 17:42:31] Xav has edited DoorID 41's PickupModel.
[2015/7/24 - 17:42:36] Xav has edited DoorID 41's PickupModel.
[2015/7/24 - 17:42:45] Xav has edited DoorID 41's PickupModel.
[2015/7/24 - 17:42:48] Xav has edited DoorID 41's PickupModel.
[2015/7/24 - 17:42:50] Xav has edited DoorID 41's PickupModel.
