[2015/7/22 - 18:2:16] (18:2:16) Micheal Simpson killed Johnny with 
[2015/7/22 - 18:17:24] (18:17:24) Johnny killed Dantey with Knife
[2015/7/22 - 19:53:30] (19:53:30) Yugo killed Dante Bangz with Minigun
[2015/7/22 - 20:6:9] (20:6:9) Yugo killed Beth Song with Knife
[2015/7/22 - 20:9:36] (20:9:36) Cinqo Slash killed Beth Song with Combat Shotgun
[2015/7/22 - 20:10:7] (20:10:7) Dantey killed Yugo with Knife
[2015/7/22 - 20:11:22] (20:11:22) Beth Song killed Cinqo Slash with Sniper Rifle
[2015/7/22 - 20:14:11] (20:14:11) Beth Song killed Cinqo Slash with Combat Shotgun
[2015/7/22 - 20:15:0] (20:15:0) Cinqo Slash killed Dantey with Desert Eagle
[2015/7/22 - 20:15:7] (20:15:7) Cinqo Slash killed Dantey with Sniper Rifle
[2015/7/22 - 20:18:0] (20:18:0) Cinqo Slash killed Dantey with Combat Shotgun
[2015/7/22 - 20:18:17] (20:18:17) Cinqo Slash killed Tony Markson with Combat Shotgun
[2015/7/22 - 20:18:50] (20:18:50) Cinqo Slash killed Tony Markson with Combat Shotgun
[2015/7/22 - 20:18:58] (20:18:58) Cinqo Slash killed Tony Markson with Desert Eagle
[2015/7/22 - 20:19:11] (20:19:11) Beth Song killed Dantey with Combat Shotgun
[2015/7/22 - 20:20:11] (20:20:11) Cinqo Slash killed Tony Markson with Combat Shotgun
[2015/7/22 - 20:22:5] (20:22:5) Beth Song killed Cinqo Slash with Combat Shotgun
[2015/7/22 - 20:22:24] (20:22:24) Cinqo Slash killed Beth Song with Combat Shotgun
[2015/7/22 - 20:26:2] (20:26:2) Yugo Jones killed Beth Song with Desert Eagle
[2015/7/22 - 20:26:2] (20:26:2) Beth Song killed Yugo Jones with Shotgun
[2015/7/22 - 20:26:34] (20:26:34) Yugo Jones killed Beth Song with Desert Eagle
[2015/7/22 - 20:26:34] (20:26:34) Beth Song killed Yugo Jones with Desert Eagle
[2015/7/22 - 20:27:30] (20:27:30) Beth Song killed Dantey with Combat Shotgun
[2015/7/22 - 20:29:18] (20:29:18) Tony Markson killed William Brown with Shotgun
[2015/7/22 - 20:29:19] (20:29:19) William Brown killed Tony Markson with Shotgun
[2015/7/22 - 20:32:9] (20:32:9) Tony Markson killed William Brown with Desert Eagle
[2015/7/22 - 20:32:10] (20:32:10) William Brown killed Tony Markson with Desert Eagle
[2015/7/22 - 20:32:59] (20:32:59) Yugo Jones killed Tony Markson with Desert Eagle
[2015/7/22 - 20:32:59] (20:32:59) Tony Markson killed Yugo Jones with Desert Eagle
[2015/7/22 - 20:33:24] (20:33:24) Dantey killed Yugo with Minigun
[2015/7/22 - 20:35:40] (20:35:40) Yugo killed Dante Bangz with Shotgun
[2015/7/22 - 20:35:40] (20:35:40) Dante Bangz killed Yugo with Shotgun
[2015/7/23 - 7:23:25] (7:23:25) Dante Bangz killed Pablo Snoop with Combat Shotgun
[2015/7/23 - 7:24:49] (7:24:49) Dante Bangz killed Pablo Snoop with Desert Eagle
[2015/7/23 - 7:26:2] (7:26:2) Dante Bangz killed Pablo Snoop with Desert Eagle
[2015/7/23 - 7:26:37] (7:26:37) Dante Bangz killed Pablo Snoop with Desert Eagle
[2015/7/23 - 7:27:20] (7:27:20) Pablo Snoop killed Dante Bangz with Desert Eagle
[2015/7/23 - 7:28:19] (7:28:19) Dante Bangz killed Pablo Snoop with Combat Shotgun
[2015/7/23 - 7:29:1] (7:29:1) Dante Bangz killed Pablo Snoop with Combat Shotgun
[2015/7/23 - 7:29:28] (7:29:28) Dante Bangz killed Pablo Snoop with Desert Eagle
[2015/7/23 - 7:30:12] (7:30:12) Dante Bangz killed Pablo Snoop with M4
[2015/7/23 - 7:31:14] (7:31:14) Dante Bangz killed Pablo Snoop with Desert Eagle
[2015/7/23 - 7:33:6] (7:33:6) Dante Bangz killed Rayen Alpicino with M4
[2015/7/23 - 7:33:21] (7:33:21) Dante Bangz killed Rayen Alpicino with Desert Eagle
[2015/7/23 - 7:34:20] (7:34:20) Dante Bangz killed Pablo Snoop with Combat Shotgun
[2015/7/23 - 7:34:43] (7:34:43) Dante Bangz killed Pablo Snoop with Desert Eagle
[2015/7/23 - 7:35:14] (7:35:14) Dante Bangz killed Pablo Snoop with Combat Shotgun
[2015/7/23 - 7:35:36] (7:35:36) Bob Marley killed Dante Bangz with Desert Eagle
[2015/7/23 - 8:4:49] (8:4:49) Dante Bangz killed Vinny with Combat Shotgun
[2015/7/23 - 8:12:50] (8:12:50) Dante Bangz killed Vinny with Combat Shotgun
[2015/7/23 - 8:18:43] (8:18:43) Dante Bangz killed Vinny with Knife
[2015/7/23 - 8:21:26] (8:21:26) Dante Bangz killed Vinny with Combat Shotgun
[2015/7/23 - 8:23:37] (8:23:37) Dantey killed Vinny with Combat Shotgun
[2015/7/23 - 8:24:6] (8:24:6) Dantey killed Vinny with Knife
[2015/7/23 - 8:25:13] (8:25:13) Tyrone Coleman killed Vinny with Knife
[2015/7/23 - 8:25:23] (8:25:23) Tyrone Coleman killed Vinny with Knife
[2015/7/23 - 8:25:33] (8:25:33) Tyrone Coleman killed Vinny with Knife
[2015/7/23 - 8:25:40] (8:25:40) Tyrone Coleman killed Vinny with Knife
[2015/7/23 - 8:25:47] (8:25:47) Tyrone Coleman killed Vinny with Knife
[2015/7/23 - 8:25:54] (8:25:54) Tyrone Coleman killed Vinny with Knife
[2015/7/23 - 8:26:7] (8:26:7) Tyrone Coleman killed Vinny with Knife
[2015/7/23 - 8:28:26] (8:28:26) Vinny killed Bob Marley with 
[2015/7/23 - 8:29:33] (8:29:33) Tyrone Coleman killed Bob Marley with Desert Eagle
[2015/7/23 - 8:37:33] (8:37:33) Dante Bangz killed Andre Scott with Combat Shotgun
[2015/7/23 - 8:37:39] (8:37:39) Dante Bangz killed Paula Morrison with Combat Shotgun
[2015/7/23 - 8:37:39] (8:37:39) Keegan White killed Tony Markson with Desert Eagle
[2015/7/23 - 8:37:45] (8:37:45) Vin Gage killed Dante Bangz with Combat Shotgun
[2015/7/23 - 8:37:45] (8:37:45) Keegan White killed William Brown with Desert Eagle
[2015/7/23 - 8:38:11] (8:38:11) Vin Gage killed Keegan White with Combat Shotgun
[2015/7/23 - 8:39:1] (8:39:1) Vin Gage killed Dantey with Desert Eagle
[2015/7/23 - 8:49:58] (8:49:58) Vin Gage killed Andre Scott with Combat Shotgun
[2015/7/23 - 8:54:4] (8:54:4) Andre Scott killed Vin Gage with Vehicle
[2015/7/23 - 8:55:22] (8:55:22) Dante Bangz killed Vinny with Combat Shotgun
[2015/7/23 - 8:55:56] (8:55:56) Vin Gage killed Dante Bangz with Desert Eagle
[2015/7/23 - 8:56:19] (8:56:19) Dante Bangz killed Vin Gage with Combat Shotgun
[2015/7/23 - 8:58:14] (8:58:14) Vin Gage killed Dante Bangz with Combat Shotgun (in paintball)
[2015/7/23 - 8:58:24] (8:58:24) Dante Bangz killed Vin Gage with MP5 (in paintball)
[2015/7/23 - 8:58:32] (8:58:32) Dante Bangz killed Vin Gage with Combat Shotgun (in paintball)
[2015/7/23 - 8:58:47] (8:58:47) Vin Gage killed Dante Bangz with Combat Shotgun (in paintball)
[2015/7/23 - 8:59:1] (8:59:1) Dante Bangz killed Vin Gage with Combat Shotgun (in paintball)
[2015/7/23 - 8:59:9] (8:59:9) Vin Gage killed Dante Bangz with Combat Shotgun (in paintball)
[2015/7/23 - 8:59:29] (8:59:29) Vin Gage killed Dante Bangz with Combat Shotgun (in paintball)
[2015/7/23 - 8:59:41] (8:59:41) Andre Scott killed Dante Bangz with Desert Eagle (in paintball)
[2015/7/23 - 9:0:2] (9:0:2) Andre Scott killed Vin Gage with Desert Eagle (in paintball)
[2015/7/23 - 9:0:10] (9:0:10) Dante Bangz killed Andre Scott with Combat Shotgun (in paintball)
[2015/7/23 - 9:0:11] (9:0:11) Vin Gage killed Dante Bangz with Combat Shotgun (in paintball)
[2015/7/23 - 9:0:30] (9:0:30) Vin Gage killed Andre Scott with Combat Shotgun (in paintball)
[2015/7/23 - 9:0:42] (9:0:42) Vin Gage killed Dante Bangz with Combat Shotgun (in paintball)
[2015/7/23 - 9:0:51] (9:0:51) Andre Scott killed Vin Gage with Desert Eagle (in paintball)
[2015/7/23 - 9:0:53] (9:0:53) Dante Bangz killed Andre Scott with Desert Eagle (in paintball)
[2015/7/23 - 9:1:6] (9:1:6) Vin Gage killed Andre Scott with Combat Shotgun (in paintball)
[2015/7/23 - 9:1:11] (9:1:11) Dante Bangz killed Vin Gage with Combat Shotgun (in paintball)
[2015/7/23 - 9:1:16] (9:1:16) Andre Scott killed Dante Bangz with Combat Shotgun (in paintball)
[2015/7/23 - 9:1:27] (9:1:27) Vin Gage killed Andre Scott with Combat Shotgun (in paintball)
[2015/7/23 - 9:1:37] (9:1:37) Andre Scott killed Vin Gage with Combat Shotgun (in paintball)
[2015/7/23 - 9:1:49] (9:1:49) Andre Scott killed Vin Gage with Combat Shotgun (in paintball)
[2015/7/23 - 9:1:59] (9:1:59) Vin Gage killed Andre Scott with Combat Shotgun (in paintball)
[2015/7/23 - 9:2:10] (9:2:10) Andre Scott killed Vin Gage with Combat Shotgun (in paintball)
[2015/7/23 - 9:2:24] (9:2:24) Andre Scott killed Vin Gage with Combat Shotgun (in paintball)
[2015/7/23 - 9:5:15] (9:5:15) Vinny killed Dante Bangz with Desert Eagle
[2015/7/23 - 9:8:29] (9:8:29) Dante Bangz killed Vinny with Knife
[2015/7/23 - 9:36:42] (9:36:42) Paula Morrison killed Keegan White with Sniper Rifle
[2015/7/23 - 9:36:58] (9:36:58) Micheal Simpson killed Paula Morrison with Sniper Rifle
[2015/7/23 - 9:37:20] (9:37:20) Micheal Simpson killed Vin Gage with Sniper Rifle
[2015/7/23 - 9:37:39] (9:37:39) Micheal Simpson killed Andre Scott with Sniper Rifle
[2015/7/23 - 9:39:45] (9:39:45) Micheal Simpson killed William Brown with M4
[2015/7/23 - 9:39:54] (9:39:54) Micheal Simpson killed Vinny with Desert Eagle
[2015/7/23 - 9:52:31] (9:52:31) Micheal Simpson killed Vinny with Combat Shotgun
[2015/7/23 - 9:59:0] (9:59:0) Micheal Simpson killed Vinny with Combat Shotgun
[2015/7/23 - 10:2:3] (10:2:3) Micheal Simpson killed Vinny with Combat Shotgun
[2015/7/23 - 10:2:14] (10:2:14) Micheal Simpson killed Vinny with Combat Shotgun
[2015/7/23 - 10:7:28] (10:7:28) Micheal Simpson killed Vinny with Combat Shotgun
[2015/7/23 - 10:26:3] (10:26:3) Micheal Simpson killed Tyrone Newman with Combat Shotgun
[2015/7/23 - 10:26:11] (10:26:11) Micheal Simpson killed Tyrone Newman with Combat Shotgun
[2015/7/23 - 10:33:54] (10:33:54) Tyrone Newman killed Paula Morrison with Combat Shotgun
[2015/7/23 - 10:40:26] (10:40:26) Marley killed Tyrone Newman with Combat Shotgun
[2015/7/23 - 10:40:54] (10:40:54) Marley killed Tyrone Newman with Minigun
[2015/7/23 - 10:43:2] (10:43:2) Tyrone Newman killed Marley with Combat Shotgun
[2015/7/23 - 10:43:13] (10:43:13) Marley killed Tyrone Newman with Combat Shotgun
[2015/7/23 - 10:43:23] (10:43:23) Tyrone Newman killed Marley with Combat Shotgun
[2015/7/23 - 10:44:11] (10:44:11) Marley killed Tyrone Newman with Minigun
[2015/7/23 - 10:44:48] (10:44:48) Marley killed Tyrone Newman with Minigun
[2015/7/23 - 10:47:0] (10:47:0) Tyrone Newman killed Yugo with Combat Shotgun
[2015/7/23 - 10:48:26] (10:48:26) Dantey killed Yugo with Desert Eagle
[2015/7/23 - 10:49:7] (10:49:7) Dantey killed Yugo with Minigun
[2015/7/23 - 10:49:9] (10:49:9) Dantey killed Yugo with Minigun
[2015/7/23 - 10:49:11] (10:49:11) Dantey killed Yugo with Minigun
[2015/7/23 - 10:49:12] (10:49:12) Dantey killed Yugo with Minigun
[2015/7/23 - 10:49:13] (10:49:13) Dantey killed Yugo with Minigun
[2015/7/23 - 10:49:15] (10:49:15) Dantey killed Yugo with Minigun
[2015/7/23 - 10:49:17] (10:49:17) Dantey killed Yugo with Minigun
[2015/7/23 - 10:49:20] (10:49:20) Dantey killed Yugo with Minigun
[2015/7/23 - 10:49:21] (10:49:21) Dantey killed Yugo with Minigun
[2015/7/23 - 10:49:23] (10:49:23) Dantey killed Yugo with Minigun
[2015/7/23 - 10:49:24] (10:49:24) Dantey killed Yugo with Minigun
[2015/7/23 - 10:49:25] (10:49:25) Dantey killed Yugo with Minigun
[2015/7/23 - 10:49:26] (10:49:26) Dantey killed Yugo with Minigun
[2015/7/23 - 10:49:27] (10:49:27) Dantey killed Yugo with Minigun
[2015/7/23 - 10:49:28] (10:49:28) Dantey killed Yugo with Minigun
[2015/7/23 - 10:49:30] (10:49:30) Dantey killed Yugo with Minigun
[2015/7/23 - 10:49:31] (10:49:31) Dantey killed Yugo with Minigun
[2015/7/23 - 10:49:32] (10:49:32) Dantey killed Yugo with Minigun
[2015/7/23 - 10:49:34] (10:49:34) Dantey killed Yugo with Minigun
[2015/7/23 - 10:49:35] (10:49:35) Dantey killed Yugo with Minigun
[2015/7/23 - 10:49:36] (10:49:36) Dantey killed Yugo with Minigun
[2015/7/23 - 10:49:37] (10:49:37) Dantey killed Yugo with Minigun
[2015/7/23 - 10:49:38] (10:49:38) Dantey killed Yugo with Minigun
[2015/7/23 - 10:49:41] (10:49:41) Dantey killed Yugo with Minigun
[2015/7/23 - 10:51:12] (10:51:12) Dantey killed Yugo with Knife
[2015/7/23 - 10:51:51] (10:51:51) Dantey killed Yugo with Desert Eagle
[2015/7/23 - 10:52:7] (10:52:7) Dantey killed Yugo with Knife
[2015/7/23 - 10:52:28] (10:52:28) Dantey killed Yugo with Knife
[2015/7/23 - 10:53:32] (10:53:32) Dantey killed Yugo with Desert Eagle
[2015/7/23 - 10:54:14] (10:54:14) Dantey killed Yugo with Knife
[2015/7/23 - 10:54:37] (10:54:37) Dantey killed Yugo with Knife
[2015/7/23 - 11:5:40] (11:5:40) William White killed William Brown with Combat Shotgun
[2015/7/23 - 12:6:34] (12:6:34) Guillermo Robinson killed Vinny with Combat Shotgun
[2015/7/23 - 12:10:14] (12:10:14) Guillermo Robinson killed Dante Bangz with Desert Eagle
[2015/7/23 - 12:11:28] (12:11:28) Vinny killed Dantey with Desert Eagle
[2015/7/23 - 12:11:37] (12:11:37) Guillermo Robinson killed Vinny with Desert Eagle
[2015/7/23 - 12:11:42] (12:11:42) Guillermo Robinson killed Vinny with M4
[2015/7/23 - 12:11:45] (12:11:45) Guillermo Robinson killed Vinny with Combat Shotgun
[2015/7/23 - 12:11:49] (12:11:49) Guillermo Robinson killed Vinny with Desert Eagle
[2015/7/23 - 12:11:55] (12:11:55) Guillermo Robinson killed Vinny with Desert Eagle
[2015/7/23 - 12:11:59] (12:11:59) Guillermo Robinson killed Vinny with Desert Eagle
[2015/7/23 - 12:12:17] (12:12:17) Guillermo Robinson killed Vinny with Desert Eagle
[2015/7/23 - 12:16:53] (12:16:53) Dantey killed Guillermo Robinson with Combat Shotgun
[2015/7/23 - 12:18:14] (12:18:14) Guillermo Robinson killed Dantey with Desert Eagle
[2015/7/23 - 12:21:0] (12:21:0) Dante Bangz killed Micheal Simpson with Desert Eagle
[2015/7/23 - 12:35:15] (12:35:15) John Hunt killed Micheal Simpson with Combat Shotgun
[2015/7/23 - 12:53:35] (12:53:35) Curtis Denver killed Micheal Simpson with Combat Shotgun
[2015/7/23 - 12:53:46] (12:53:46) Curtis Denver killed William Brown with Combat Shotgun
[2015/7/23 - 12:53:49] (12:53:49) Pablo Snoop commited suicide
[2015/7/23 - 12:54:14] (12:54:14) William Maxy killed Curtis Denver with Desert Eagle
[2015/7/23 - 12:54:44] (12:54:44) Dante Bangz killed William Maxy with Combat Shotgun
[2015/7/23 - 12:55:11] (12:55:11) Shawn DeMorgan killed Dante Bangz with Combat Shotgun
[2015/7/23 - 13:2:4] (13:2:4) Shawn DeMorgan killed Curtis Denver with M4
[2015/7/23 - 13:2:25] (13:2:25) Dante Bangz killed Shawn DeMorgan with Desert Eagle
[2015/7/23 - 13:3:31] (13:3:31) Shawn DeMorgan killed Dante Bangz with M4
[2015/7/23 - 13:3:43] (13:3:43) Shawn DeMorgan killed Dante Bangz with Combat Shotgun
[2015/7/23 - 13:19:50] (13:19:50) William Brown killed Dante Bangz with Shotgun
[2015/7/23 - 13:21:10] (13:21:10) William Brown killed Dante Bangz with Shotgun
[2015/7/23 - 13:21:42] (13:21:42) Dante Bangz killed William Brown with Combat Shotgun
[2015/7/23 - 13:21:58] (13:21:58) Dante Bangz killed William Brown with Combat Shotgun
[2015/7/23 - 13:24:13] (13:24:13) Micheal Simpson killed William Brown with Combat Shotgun
[2015/7/23 - 13:24:21] (13:24:21) Marina Cobra killed William Maxy with Sniper Rifle
[2015/7/23 - 13:25:37] (13:25:37) Micheal Simpson killed Dante Bangz with Combat Shotgun
[2015/7/23 - 13:26:27] (13:26:27) Micheal Simpson killed Marina Cobra with Combat Shotgun
[2015/7/23 - 16:55:50] (16:55:50) William Brown killed Andre Scott with Fire Extinguisher
[2015/7/23 - 17:5:17] (17:5:17) Andre Scott killed William Brown with Shovel
[2015/7/23 - 17:36:55] (17:36:55) William Brown killed Micheal Simpson with Desert Eagle
[2015/7/23 - 17:37:26] (17:37:26) William Brown killed Andre Scott with Desert Eagle
[2015/7/23 - 17:40:30] (17:40:30) Micheal Simpson killed William Brown with Combat Shotgun
[2015/7/23 - 17:40:30] (17:40:30) William Brown killed Micheal Simpson with Combat Shotgun
[2015/7/23 - 17:42:23] (17:42:23) Yugo killed William Brown with Desert Eagle
[2015/7/23 - 17:42:23] (17:42:23) William Brown killed Yugo with Shotgun
[2015/7/23 - 17:43:9] (17:43:9) Yugo killed Micheal Simpson with Shotgun
[2015/7/23 - 17:43:9] (17:43:9) Micheal Simpson killed Yugo with Desert Eagle
[2015/7/23 - 18:5:48] (18:5:48) Curt Hunt killed Tony Markson with Desert Eagle
[2015/7/23 - 18:7:58] (18:7:58) Curt Hunt killed Tony Markson with Desert Eagle
[2015/7/23 - 18:10:17] (18:10:17) William Brown killed Tony Markson with Combat Shotgun
[2015/7/23 - 18:17:10] (18:17:10) Yugo killed Micheal Simpson with Knife
[2015/7/24 - 8:58:47] (8:58:47) Dante Bangz killed Tyler Wallace with Desert Eagle
[2015/7/24 - 8:58:48] (8:58:48) Tyler Wallace killed Dante Bangz with Desert Eagle
[2015/7/24 - 8:59:26] (8:59:26) Dante Bangz killed Tyler Wallace with Desert Eagle
[2015/7/24 - 8:59:26] (8:59:26) Tyler Wallace killed Dante Bangz with Shotgun
[2015/7/24 - 9:0:54] (9:0:54) Dante Bangz killed Tyler Wallace with Desert Eagle
[2015/7/24 - 9:0:54] (9:0:54) Tyler Wallace killed Dante Bangz with Desert Eagle
[2015/7/24 - 9:5:23] (9:5:23) Dante Bangz killed Micheal Simpson with Combat Shotgun
[2015/7/24 - 9:6:16] (9:6:16) Dante Bangz killed Xav with Combat Shotgun
[2015/7/24 - 9:14:59] (9:14:59) Xav Martin killed Tyler Wallace with Combat Shotgun
[2015/7/24 - 9:15:8] (9:15:8) Micheal Simpson killed Dante Bangz with Sniper Rifle
[2015/7/24 - 9:18:23] (9:18:23) Micheal Simpson killed Dante Bangz with M4
[2015/7/24 - 9:18:40] (9:18:40) Micheal Simpson killed Tyler Wallace with Combat Shotgun
[2015/7/24 - 9:21:29] (9:21:29) Xav Martin killed Dante Bangz with Combat Shotgun
[2015/7/24 - 9:21:58] (9:21:58) Tyler Wallace killed Xav Martin with Combat Shotgun
[2015/7/24 - 9:22:8] (9:22:8) Micheal Simpson killed Tyler Wallace with M4
[2015/7/24 - 9:22:22] (9:22:22) Micheal Simpson killed Dante Bangz with Combat Shotgun
[2015/7/24 - 9:26:38] (9:26:38) Tyler Wallace killed Xav Martin with Combat Shotgun
[2015/7/24 - 9:26:47] (9:26:47) Dante Bangz killed Xav Martin with Combat Shotgun
[2015/7/24 - 9:31:20] (9:31:20) Micheal Simpson killed Vin Gage with Sniper Rifle
[2015/7/24 - 9:36:18] (9:36:18) Micheal Simpson killed Tyler Wallace with Combat Shotgun
[2015/7/24 - 9:36:49] (9:36:49) Xav Martin killed Tyler Wallace with Combat Shotgun
[2015/7/24 - 9:38:31] (9:38:31) Micheal Simpson killed Vin Gage with Combat Shotgun
[2015/7/24 - 9:43:3] (9:43:3) Micheal Simpson killed Tyler Wallace with M4
[2015/7/24 - 9:52:18] (9:52:18) Xav Martin killed Tyler Wallace with Combat Shotgun
[2015/7/24 - 9:52:31] (9:52:31) Xav Martin killed Tyler Wallace with Combat Shotgun
[2015/7/24 - 10:3:36] (10:3:36) Micheal Simpson killed Vinny with Desert Eagle
[2015/7/24 - 10:4:11] (10:4:11) Micheal Simpson killed Vinny with Combat Shotgun
[2015/7/24 - 10:12:28] (10:12:28) Dante Bangz killed Vin Armstrong with Desert Eagle
[2015/7/24 - 10:19:39] (10:19:39) Vinny killed Dante Bangz with Desert Eagle
[2015/7/24 - 10:26:8] (10:26:8) Vin Armstrong killed Tyler Wallace with Desert Eagle
[2015/7/24 - 10:26:17] (10:26:17) Vin Armstrong killed Dante Bangz with AK47
[2015/7/24 - 10:28:28] (10:28:28) Dante Bangz killed Vinny with Combat Shotgun
[2015/7/24 - 10:28:33] (10:28:33) Dante Bangz killed Vinny with Combat Shotgun
[2015/7/24 - 10:31:41] (10:31:41) Vin Armstrong killed Tyler Wallace with Chainsaw
[2015/7/24 - 10:31:53] (10:31:53) Micheal Simpson killed Dante Bangz with Chainsaw
[2015/7/24 - 10:32:26] (10:32:26) Micheal Simpson killed Vin Armstrong with Chainsaw
[2015/7/24 - 10:32:45] (10:32:45) Dantey killed Micheal Simpson with Minigun
[2015/7/24 - 10:33:16] (10:33:16) Micheal Simpson killed Vinny with Combat Shotgun
[2015/7/24 - 10:33:51] (10:33:51) Tyler Wallace killed Dantey with M4
[2015/7/24 - 10:34:45] (10:34:45) Tyler Wallace killed Vinny with Desert Eagle
[2015/7/24 - 10:35:26] (10:35:26) Dantey killed Vinny with 
[2015/7/24 - 10:36:3] (10:36:3) Dantey killed Vinny with Knife
[2015/7/24 - 10:36:38] (10:36:38) Dantey killed Vinny with Knife
[2015/7/24 - 10:38:22] (10:38:22) Dantey killed Vinny with Knife
[2015/7/24 - 10:38:27] (10:38:27) Dantey killed Vinny with Knife
[2015/7/24 - 10:38:47] (10:38:47) Dantey killed Vinny with Knife
[2015/7/24 - 10:38:53] (10:38:53) Dantey killed Micheal Simpson with Knife
[2015/7/24 - 10:39:30] (10:39:30) Micheal Simpson killed Dantey with Combat Shotgun
[2015/7/24 - 10:39:40] (10:39:40) Micheal Simpson killed Vinny with Combat Shotgun
[2015/7/24 - 10:39:53] (10:39:53) Dantey killed Vinny with Knife
[2015/7/24 - 10:40:4] (10:40:4) Micheal Simpson killed Dantey with Combat Shotgun
[2015/7/24 - 10:40:19] (10:40:19) Micheal Simpson killed Vinny with Combat Shotgun
[2015/7/24 - 10:40:28] (10:40:28) Dantey killed Vinny with Knife
[2015/7/24 - 10:40:53] (10:40:53) Dantey killed Vinny with Knife
[2015/7/24 - 10:41:14] (10:41:14) Micheal Simpson killed Vinny with Combat Shotgun
[2015/7/24 - 10:41:20] (10:41:20) Dantey killed Vinny with Knife
[2015/7/24 - 10:41:33] (10:41:33) Dantey killed Vinny with Knife
[2015/7/24 - 10:42:3] (10:42:3) Dantey killed Vinny with Knife
[2015/7/24 - 10:42:49] (10:42:49) Dantey killed Vinny with Knife
[2015/7/24 - 10:43:13] (10:43:13) Micheal Simpson killed Vinny with Combat Shotgun
[2015/7/24 - 10:44:2] (10:44:2) Dantey killed Vinny with Knife
[2015/7/24 - 10:46:27] (10:46:27) Micheal Simpson killed Vinny with Combat Shotgun
[2015/7/24 - 10:46:38] (10:46:38) Micheal Simpson killed Vinny with Combat Shotgun
[2015/7/24 - 10:46:48] (10:46:48) Micheal Simpson killed Vinny with Sniper Rifle
[2015/7/24 - 10:47:43] (10:47:43) Micheal Simpson killed Vinny with Combat Shotgun
[2015/7/24 - 11:1:41] (11:1:41) Vinny killed Leonardo Wallace with Desert Eagle
[2015/7/24 - 11:14:23] (11:14:23) Tony James killed William Maxy with Sniper Rifle
[2015/7/24 - 11:14:30] (11:14:30) Tony James killed Vin Armstrong with Sniper Rifle
[2015/7/24 - 11:14:39] (11:14:39) Tony James killed Leonardo Wallace with Sniper Rifle
[2015/7/24 - 11:15:55] (11:15:55) Dante Bangz killed Tyler Wallace with Combat Shotgun
[2015/7/24 - 11:22:31] (11:22:31) Vinny killed Tyler Wallace with Desert Eagle
[2015/7/24 - 11:36:15] (11:36:15) Micheal Simpson killed Vinny with Combat Shotgun
[2015/7/24 - 11:38:16] (11:38:16) Tony James killed Leonardo Wallace with M4
[2015/7/24 - 15:35:41] (15:35:41) Dantey killed Vinny with Desert Eagle
[2015/7/24 - 15:35:53] (15:35:53) Dantey killed Vinny with Combat Shotgun
[2015/7/24 - 15:36:0] (15:36:0) Dantey killed Yugo with Desert Eagle
[2015/7/24 - 15:36:15] (15:36:15) Yugo killed Vinny with Knife
[2015/7/24 - 15:36:24] (15:36:24) Yugo killed Vinny with Knife
[2015/7/24 - 15:45:7] (15:45:7) Dante Bangz killed Vinny with Knife
[2015/7/24 - 15:52:4] (15:52:4) Dante Bangz killed Xav Martin with Desert Eagle
[2015/7/24 - 15:52:12] (15:52:12) Xav Martin killed Dante Bangz with Combat Shotgun
[2015/7/24 - 15:52:41] (15:52:41) Dante Bangz killed Xav Martin with Combat Shotgun
[2015/7/24 - 15:52:46] (15:52:46) Yugo killed Dante Bangz with Combat Shotgun
[2015/7/24 - 15:52:54] (15:52:54) Xav Martin killed Dante Bangz with Combat Shotgun
[2015/7/24 - 15:53:20] (15:53:20) Yugo killed Dante Bangz with Desert Eagle
[2015/7/24 - 15:54:23] (15:54:23) Yugo killed Dante Bangz with Combat Shotgun
[2015/7/24 - 15:55:11] (15:55:11) Dante Bangz killed Xav Martin with Combat Shotgun
[2015/7/24 - 15:55:27] (15:55:27) Dante Bangz killed Xav Martin with Combat Shotgun
[2015/7/24 - 15:55:46] (15:55:46) Dante Bangz killed Xav Martin with Combat Shotgun
[2015/7/24 - 15:56:10] (15:56:10) Dante Bangz killed Xav Martin with Desert Eagle
[2015/7/24 - 15:57:16] (15:57:16) Xav Martin killed Dante Bangz with Combat Shotgun
[2015/7/24 - 15:57:24] (15:57:24) Xav Martin killed Dante Bangz with Combat Shotgun
[2015/7/24 - 16:6:55] (16:6:55) Yugo killed Dante Bangz with Combat Shotgun
[2015/7/24 - 16:17:36] (16:17:36) Thane Xanax killed Louay Hulk with Rifle
[2015/7/24 - 16:19:20] (16:19:20) Shawn DeMorgan killed Louay Hulk with Sniper Rifle
[2015/7/24 - 16:20:41] (16:20:41) Shawn DeMorgan killed Dantey with Combat Shotgun
[2015/7/24 - 16:20:56] (16:20:56) Dantey killed Shawn DeMorgan with M4
[2015/7/24 - 16:23:26] (16:23:26) Thane Xanax killed Shawn DeMorgan with Rifle
[2015/7/24 - 16:23:53] (16:23:53) Thane Xanax killed Shawn DeMorgan with Shotgun
[2015/7/24 - 16:36:1] (16:36:1) Dantey killed Louay Hulk with Knife
[2015/7/24 - 16:36:32] (16:36:32) Dantey killed Louay Hulk with Knife
[2015/7/24 - 16:36:38] (16:36:38) Dantey killed Thane Xanax with Knife
[2015/7/24 - 16:36:59] (16:36:59) Dantey killed Louay Hulk with Knife
[2015/7/24 - 16:37:24] (16:37:24) Dantey killed Thane Xanax with Combat Shotgun
[2015/7/24 - 16:38:3] (16:38:3) Dantey killed Louay Hulk with Knife
[2015/7/24 - 16:38:8] (16:38:8) Dantey killed Pablo Snoop with Knife
[2015/7/24 - 16:39:23] (16:39:23) Thane Xanax killed Dantey with M4
[2015/7/24 - 16:41:14] (16:41:14) Dantey killed Louay Hulk with Knife
[2015/7/24 - 16:42:24] (16:42:24) Dantey killed Pablo Snoop with Knife
[2015/7/24 - 16:42:28] (16:42:28) Thane Xanax killed Dantey with Sniper Rifle
[2015/7/24 - 16:42:32] (16:42:32) Thane Xanax killed Dantey with Sniper Rifle
[2015/7/24 - 16:42:36] (16:42:36) Thane Xanax killed Dantey with Sniper Rifle
[2015/7/24 - 16:48:33] (16:48:33) Thane Xanax killed Pablo Snoop with Combat Shotgun
[2015/7/24 - 16:50:6] (16:50:6) Thane Xanax killed Shawn DeMorgan with Sniper Rifle
[2015/7/24 - 16:52:10] (16:52:10) Shawn DeMorgan killed Xavier Maloni with M4
[2015/7/24 - 16:52:18] (16:52:18) Thane Xanax killed Shawn DeMorgan with Combat Shotgun
[2015/7/24 - 16:52:18] (16:52:18) Curt Hunt killed Xavier Maloni with Combat Shotgun
[2015/7/24 - 16:54:12] (16:54:12) Curt Hunt killed Shawn DeMorgan with Combat Shotgun
[2015/7/24 - 16:54:16] (16:54:16) Xav Martin killed Xavier Maloni with Combat Shotgun
[2015/7/24 - 16:54:28] (16:54:28) Xav Martin killed Xavier Maloni with Combat Shotgun
[2015/7/24 - 16:55:43] (16:55:43) Xav Martin killed Dante Bangz with Combat Shotgun
[2015/7/24 - 16:55:51] (16:55:51) Xav Martin killed Dante Bangz with Combat Shotgun
[2015/7/24 - 17:9:0] (17:9:0) Curt Hunt killed Dante Bangz with Desert Eagle
[2015/7/24 - 17:17:20] (17:17:20) Xav Martin killed Shawn DeMorgan with Desert Eagle
[2015/7/24 - 17:17:35] (17:17:35) Curt Hunt killed Xav Martin with Combat Shotgun
[2015/7/24 - 17:18:2] (17:18:2) Curt Hunt killed Tyler Wallace with Combat Shotgun
[2015/7/24 - 17:18:13] (17:18:13) Curt Hunt killed Tyler Wallace with Desert Eagle
[2015/7/24 - 17:34:19] (17:34:19) Curt Hunt killed Aiden Pearce with Combat Shotgun
[2015/7/24 - 17:34:20] (17:34:20) Micheal Simpson killed Rayen Alpicino with Sniper Rifle
[2015/7/24 - 17:34:28] (17:34:28) Curt Hunt killed Dominic Toretto with Combat Shotgun
[2015/7/24 - 17:34:41] (17:34:41) Curt Hunt killed Shawn DeMorgan with Combat Shotgun
[2015/7/24 - 17:35:31] (17:35:31) Tyler Wallace killed Micheal Simpson with Combat Shotgun
[2015/7/24 - 17:38:23] (17:38:23) Tony Markson killed Curt Hunt with TEC9
[2015/7/24 - 17:38:51] (17:38:51) Tyler Wallace killed Tony Markson with Combat Shotgun
[2015/7/24 - 17:38:52] (17:38:52) Curt Hunt killed Micheal Simpson with Combat Shotgun
[2015/7/24 - 17:41:12] (17:41:12) Xav killed Dante Bangz with Minigun
[2015/7/24 - 17:47:31] (17:47:31) Micheal Simpson killed Curt Hunt with Combat Shotgun
[2015/7/24 - 17:47:39] (17:47:39) Micheal Simpson killed Curt Hunt with Combat Shotgun
[2015/7/24 - 17:50:29] (17:50:29) Dante Bangz killed Merrick White with Knife
[2015/7/24 - 17:50:33] (17:50:33) Dante Bangz killed Aiden Pearce with Knife
[2015/7/24 - 17:50:41] (17:50:41) Dante Bangz killed Tony Markson with Knife
[2015/7/24 - 17:51:47] (17:51:47) Curt Hunt killed Micheal Simpson with Combat Shotgun
[2015/7/24 - 17:52:39] (17:52:39) Dante Bangz killed Curt Hunt with Combat Shotgun
[2015/7/24 - 17:55:41] (17:55:41) Xav Martin killed Dante Bangz with Knife
[2015/7/24 - 17:55:49] (17:55:49) Marley killed Xav Martin with Desert Eagle
[2015/7/24 - 17:56:6] (17:56:6) Marley killed Xav Martin with Minigun
[2015/7/24 - 17:56:55] (17:56:55) Xav Martin killed Dante Bangz with Knife
[2015/7/24 - 17:57:9] (17:57:9) Dante Bangz killed Xav Martin with Knife
[2015/7/24 - 18:0:5] (18:0:5) Xav Martin killed Jazz Thomax with Knife
[2015/7/24 - 18:16:45] (18:16:45) Yugo killed Micheal Simpson with Flamethrower
[2015/7/25 - 7:5:15] (7:5:15) Micheal Simpson killed Dante Bangz with Shotgun
[2015/7/25 - 7:5:15] (7:5:15) Dante Bangz killed Micheal Simpson with Desert Eagle
[2015/7/25 - 7:6:38] (7:6:38) Micheal Simpson killed Dante Bangz with Desert Eagle
[2015/7/25 - 7:6:38] (7:6:38) Dante Bangz killed Micheal Simpson with Desert Eagle
[2015/7/25 - 7:7:23] (7:7:23) Dante Bangz killed Micheal Simpson with Desert Eagle
[2015/7/25 - 7:7:23] (7:7:23) Micheal Simpson killed Dante Bangz with Desert Eagle
[2015/7/25 - 7:7:59] (7:7:59) Dante Bangz killed Micheal Simpson with Desert Eagle
[2015/7/25 - 7:7:59] (7:7:59) Micheal Simpson killed Dante Bangz with Shotgun
[2015/7/25 - 7:8:41] (7:8:41) Micheal Simpson killed Dante Bangz with Desert Eagle
[2015/7/25 - 7:8:41] (7:8:41) Dante Bangz killed Micheal Simpson with Shotgun
[2015/7/25 - 7:9:3] (7:9:3) Dante Bangz killed Micheal Simpson with Desert Eagle
[2015/7/25 - 7:9:3] (7:9:3) Micheal Simpson killed Dante Bangz with Desert Eagle
[2015/7/25 - 7:15:6] (7:15:6) Dante Bangz killed Micheal Simpson with Knife
[2015/7/25 - 7:15:53] (7:15:53) Micheal Simpson killed Vinny with Knife
[2015/7/25 - 7:20:13] (7:20:13) Dante Bangz killed Micheal Simpson with Knife
[2015/7/25 - 7:20:18] (7:20:18) Dante Bangz killed Vinny with Knife
[2015/7/25 - 7:22:17] (7:22:17) Micheal Simpson killed Vinny with 
[2015/7/25 - 7:23:47] (7:23:47) Micheal Simpson killed Vinny with 
[2015/7/25 - 7:24:22] (7:24:22) Dante Bangz killed Micheal Simpson with Combat Shotgun
[2015/7/25 - 7:25:8] (7:25:8) Dante Bangz killed Micheal Simpson with Knife
[2015/7/25 - 7:25:18] (7:25:18) Dante Bangz killed Vinny with Knife
[2015/7/25 - 7:27:37] (7:27:37) Dante Bangz killed Vinny with Knife
[2015/7/25 - 7:29:12] (7:29:12) Micheal Simpson killed Vinny with 
[2015/7/25 - 7:29:31] (7:29:31) Micheal Simpson killed Vinny with 
[2015/7/25 - 7:34:53] (7:34:53) Micheal Simpson killed Vin Armstrong with Combat Shotgun
[2015/7/25 - 7:35:8] (7:35:8) Micheal Simpson killed Vin Armstrong with Combat Shotgun
[2015/7/25 - 7:35:41] (7:35:41) Pablo Snoop commited suicide
[2015/7/25 - 7:37:11] (7:37:11) James Roberto killed Micheal Simpson with Desert Eagle
[2015/7/25 - 7:56:35] (7:56:35) Dantey killed Vinny with Knife
[2015/7/25 - 7:56:42] (7:56:42) Dantey killed Vinny with Knife
[2015/7/25 - 7:56:52] (7:56:52) Dantey killed Vinny with Knife
[2015/7/25 - 7:57:0] (7:57:0) Dantey killed Vinny with Knife
[2015/7/25 - 7:57:6] (7:57:6) Dantey killed Vinny with Knife
[2015/7/25 - 7:58:20] (7:58:20) Dantey killed Vinny with Knife
[2015/7/25 - 7:58:33] (7:58:33) Dantey killed Vinny with Knife
[2015/7/25 - 8:0:12] (8:0:12) Vinny killed Dantey with UZI
[2015/7/25 - 8:9:25] (8:9:25) Micheal Simpson killed Vinny with Combat Shotgun
[2015/7/25 - 8:16:13] (8:16:13) Micheal Simpson killed Vinny with Desert Eagle
[2015/7/25 - 8:16:22] (8:16:22) Micheal Simpson killed Vinny with Combat Shotgun
[2015/7/25 - 8:16:26] (8:16:26) Micheal Simpson killed Vinny with Combat Shotgun
[2015/7/25 - 8:16:32] (8:16:32) Micheal Simpson killed Vinny with Combat Shotgun
[2015/7/25 - 8:16:35] (8:16:35) Micheal Simpson killed Vinny with Combat Shotgun
[2015/7/25 - 8:16:38] (8:16:38) Micheal Simpson killed Vinny with Combat Shotgun
[2015/7/25 - 8:16:42] (8:16:42) Micheal Simpson killed Vinny with Combat Shotgun
[2015/7/25 - 8:28:47] (8:28:47) Micheal Simpson killed Dante Bangz with Desert Eagle
[2015/7/25 - 8:28:47] (8:28:47) Dante Bangz killed Micheal Simpson with Desert Eagle
[2015/7/25 - 8:29:19] (8:29:19) Dante Bangz killed Micheal Simpson with Desert Eagle
[2015/7/25 - 8:29:19] (8:29:19) Micheal Simpson killed Dante Bangz with Desert Eagle
[2015/7/25 - 8:29:54] (8:29:54) Micheal Simpson killed Dante Bangz with Desert Eagle
[2015/7/25 - 8:29:54] (8:29:54) Dante Bangz killed Micheal Simpson with Desert Eagle
[2015/7/25 - 8:31:18] (8:31:18) Micheal Simpson killed Dante Bangz with Desert Eagle
[2015/7/25 - 8:31:18] (8:31:18) Dante Bangz killed Micheal Simpson with Desert Eagle
[2015/7/25 - 8:31:54] (8:31:54) Micheal Simpson killed Dante Bangz with Desert Eagle
[2015/7/25 - 8:31:55] (8:31:55) Dante Bangz killed Micheal Simpson with Shotgun
[2015/7/25 - 8:32:24] (8:32:24) Dante Bangz killed Micheal Simpson with Shotgun
[2015/7/25 - 8:32:24] (8:32:24) Micheal Simpson killed Dante Bangz with Shotgun
[2015/7/25 - 8:33:10] (8:33:10) Dante Bangz killed Micheal Simpson with Shotgun
[2015/7/25 - 8:33:10] (8:33:10) Micheal Simpson killed Dante Bangz with Shotgun
[2015/7/25 - 8:33:30] (8:33:30) Dante Bangz killed Micheal Simpson with Desert Eagle
[2015/7/25 - 8:33:31] (8:33:31) Micheal Simpson killed Dante Bangz with Desert Eagle
[2015/7/25 - 8:33:54] (8:33:54) Micheal Simpson killed Dante Bangz with Desert Eagle
[2015/7/25 - 8:33:54] (8:33:54) Dante Bangz killed Micheal Simpson with Desert Eagle
[2015/7/25 - 8:34:23] (8:34:23) Micheal Simpson killed Dante Bangz with Desert Eagle
[2015/7/25 - 8:34:23] (8:34:23) Dante Bangz killed Micheal Simpson with Shotgun
[2015/7/25 - 8:34:43] (8:34:43) Dante Bangz killed Micheal Simpson with Desert Eagle
[2015/7/25 - 8:34:43] (8:34:43) Micheal Simpson killed Dante Bangz with Desert Eagle
[2015/7/25 - 8:35:13] (8:35:13) Micheal Simpson killed Dante Bangz with Combat Shotgun
[2015/7/25 - 8:35:13] (8:35:13) Dante Bangz killed Micheal Simpson with Combat Shotgun
[2015/7/25 - 8:35:33] (8:35:33) Micheal Simpson killed Dante Bangz with Combat Shotgun
[2015/7/25 - 8:35:33] (8:35:33) Dante Bangz killed Micheal Simpson with Combat Shotgun
[2015/7/25 - 8:35:52] (8:35:52) Micheal Simpson killed Dante Bangz with Combat Shotgun
[2015/7/25 - 8:35:53] (8:35:53) Dante Bangz killed Micheal Simpson with Desert Eagle
[2015/7/25 - 8:36:38] (8:36:38) Micheal Simpson killed Dante Bangz with Combat Shotgun
[2015/7/25 - 8:36:39] (8:36:39) Dante Bangz killed Micheal Simpson with Desert Eagle
[2015/7/25 - 8:52:55] (8:52:55) Micheal Simpson killed Vinny with Combat Shotgun
[2015/7/25 - 8:53:51] (8:53:51) Micheal Simpson killed Vinny with Combat Shotgun
[2015/7/25 - 8:54:16] (8:54:16) Micheal Simpson killed Dante Bangz with Combat Shotgun
[2015/7/25 - 8:59:35] (8:59:35) Dante Bangz killed Vinny with Desert Eagle
[2015/7/25 - 9:4:3] (9:4:3) Dante Bangz killed Micheal Simpson with Combat Shotgun
[2015/7/25 - 9:7:25] (9:7:25) Ammad xhaikh killed Toomy Krisen with 
[2015/7/25 - 9:14:42] (9:14:42) Xav Martin killed Dante Bangz with Combat Shotgun
[2015/7/25 - 9:16:50] (9:16:50) Dante Bangz killed Micheal Simpson with Combat Shotgun
[2015/7/25 - 9:16:55] (9:16:55) Xav Martin killed Dante Bangz with Combat Shotgun
[2015/7/25 - 9:18:58] (9:18:58) Dante Bangz killed Xav Martin with Desert Eagle
[2015/7/25 - 9:23:14] (9:23:14) Dante Bangz killed Micheal Simpson with Combat Shotgun
[2015/7/25 - 9:23:23] (9:23:23) Dante Bangz killed Micheal Simpson with Desert Eagle
[2015/7/25 - 9:27:1] (9:27:1) Xav Martin killed Dante Bangz with Combat Shotgun
[2015/7/25 - 9:32:53] (9:32:53) Micheal Simpson killed Vinny with Combat Shotgun
[2015/7/25 - 9:32:59] (9:32:59) Micheal Simpson killed Vinny with Combat Shotgun
[2015/7/25 - 9:33:3] (9:33:3) Micheal Simpson killed Vinny with Combat Shotgun
[2015/7/25 - 9:33:29] (9:33:29) Micheal Simpson killed Vinny with Combat Shotgun
[2015/7/25 - 9:33:47] (9:33:47) Micheal Simpson killed Vinny with Combat Shotgun
[2015/7/25 - 9:34:3] (9:34:3) Marley killed Vinny with Minigun
[2015/7/25 - 9:34:5] (9:34:5) Marley killed Vinny with Minigun
[2015/7/25 - 9:34:6] (9:34:6) Marley killed Vinny with Minigun
[2015/7/25 - 9:34:9] (9:34:9) Marley killed Vinny with Minigun
[2015/7/25 - 9:34:11] (9:34:11) Marley killed Vinny with Minigun
[2015/7/25 - 9:36:57] (9:36:57) Micheal Simpson killed Vinny with Combat Shotgun
[2015/7/25 - 9:37:0] (9:37:0) Micheal Simpson killed Vinny with Combat Shotgun
[2015/7/25 - 9:37:11] (9:37:11) Marley killed Vinny with Minigun
[2015/7/25 - 9:37:15] (9:37:15) Micheal Simpson killed Vinny with Combat Shotgun
[2015/7/25 - 9:37:28] (9:37:28) Micheal Simpson killed Vinny with Combat Shotgun
[2015/7/25 - 9:37:30] (9:37:30) Micheal Simpson killed Vinny with Combat Shotgun
[2015/7/25 - 9:37:35] (9:37:35) Micheal Simpson killed Vinny with Combat Shotgun
[2015/7/25 - 9:37:40] (9:37:40) Micheal Simpson killed Vinny with Combat Shotgun
[2015/7/25 - 9:37:59] (9:37:59) Micheal Simpson killed Vinny with Combat Shotgun
[2015/7/25 - 9:38:16] (9:38:16) Micheal Simpson killed Vinny with Combat Shotgun
[2015/7/25 - 9:38:20] (9:38:20) Micheal Simpson killed Vinny with Combat Shotgun
[2015/7/25 - 9:38:23] (9:38:23) Micheal Simpson killed Vinny with Combat Shotgun
[2015/7/25 - 9:42:5] (9:42:5) Vinny killed Micheal Simpson with Minigun
[2015/7/25 - 9:53:41] (9:53:41) Yugo killed Vinny with Knife
[2015/7/25 - 9:54:19] (9:54:19) Yugo killed Vinny with Combat Shotgun
[2015/7/25 - 9:54:33] (9:54:33) Yugo killed Micheal Simpson with Knife
[2015/7/25 - 9:54:44] (9:54:44) Micheal Simpson killed Vinny with Combat Shotgun
[2015/7/25 - 9:54:51] (9:54:51) Micheal Simpson killed Vinny with Combat Shotgun
[2015/7/25 - 9:55:1] (9:55:1) Micheal Simpson killed Vinny with Vibrator
[2015/7/25 - 9:55:6] (9:55:6) Vinny killed Micheal Simpson with Minigun
[2015/7/25 - 9:56:34] (9:56:34) Micheal Simpson killed Vinny with Combat Shotgun
[2015/7/25 - 10:2:55] (10:2:55) Micheal Simpson killed Vinny with Combat Shotgun
