[2015/7/22 - 17:57:10] Marley adjusted family 1's name to Groove Street Families
[2015/7/22 - 18:0:17] Marley invited Micheal Simpson to family 1 
[2015/7/22 - 18:0:29] Marley set Micheal Simpson rank from 1 to 6 in family 1 
[2015/7/22 - 18:2:59] Marley adjusted family 1's name to .
[2015/7/22 - 18:3:36] Marley adjusted family 2's name to Groove Street Family
[2015/7/22 - 18:3:38] Marley adjusted family 2's name to Groove Street Families
[2015/7/22 - 18:15:52] Micheal Simpson adjusted family 2's rank 1 to Soldado
[2015/7/22 - 18:16:23] Micheal Simpson adjusted family 2's rank 2 to Nigger Warrior
[2015/7/22 - 18:16:45] Micheal Simpson adjusted family 2's rank 6 to Big Poppa
[2015/7/22 - 18:17:30] Micheal Simpson adjusted family 2's rank 3 to Gangster
[2015/7/22 - 18:18:11] Micheal Simpson adjusted family 2's rank 4 to Loyal Gangster
[2015/7/22 - 18:18:27] Micheal Simpson adjusted family 2's rank 5 to Small Poppa
[2015/7/22 - 18:20:58] Micheal Simpson adjusted family 2's MOTD to Don't DM,RK,SK and KOS all other Gangs
[2015/7/22 - 18:38:33] Xav Martin adjusted family 1's rank 6 to hel
[2015/7/22 - 20:0:58] Xav Martin adjusted family 1's name to None
[2015/7/22 - 20:10:55] Dantey invited Beth Song to family 1 
[2015/7/22 - 20:11:6] Dantey uninvited Beth Song from family 1 
[2015/7/22 - 20:11:12] Dantey invited Beth Song to family 2 
[2015/7/22 - 20:11:15] Dantey invited Cinqo Slash to family 2 
[2015/7/22 - 20:11:53] Dantey set Beth Song rank from 1 to 5 in family 2 
[2015/7/23 - 3:10:27] Marley uninvited Marley from family 1 
[2015/7/23 - 3:15:36] Bob Marley adjusted gang 2's safe
[2015/7/23 - 3:25:16] Marley adjusted family 1's name to .
[2015/7/23 - 3:26:52] Marley adjusted family 1's name to .
[2015/7/23 - 4:5:4] Marley adjusted family 3's name to Los Nortenos
[2015/7/23 - 9:23:38] Micheal Simpson invited Dante Bangz to family 2 
[2015/7/23 - 9:23:50] Micheal Simpson set Dante Bangz rank from 1 to 6 in family 2 
[2015/7/23 - 9:28:16] Micheal Simpson set Micheal Simpson rank from 6 to 1 in family 2 
[2015/7/23 - 9:35:58] Marley set Micheal Simpson rank from 1 to 6 in family 2 
[2015/7/23 - 12:20:33] Dantey has quit gang 3 as rank 6
[2015/7/23 - 12:20:48] Dante Bangz has quit gang 2 as rank 6
[2015/7/23 - 13:10:33] William Maxy has quit gang 2 as rank 0
[2015/7/23 - 16:49:20] GangCMD: Micheal Simpson created crew 1 in family 2 named Grove Niggers
[2015/7/23 - 16:53:9] Micheal Simpson adjusted family 2's MOTD to A: Los Nortenos, gang skin is a must
[2015/7/23 - 16:53:33] Micheal Simpson adjusted family 2's MOTD to A: Los Nortenos, Gang Skin is a MUST!!
[2015/7/24 - 3:33:53] Micheal Simpson invited dawood shah to family 2 
[2015/7/24 - 11:22:59] Tony James has quit gang 2 as rank 0
[2015/7/24 - 11:24:25] Antohny James has quit gang 2 as rank 0
[2015/7/24 - 11:25:25] Marley adjusted family 4's name to Black Mafia Family
[2015/7/24 - 11:25:31] Guillermo Robinson adjusted family 3's MOTD to Welcome!
[2015/7/24 - 11:26:15] Guillermo Robinson adjusted family 3's rank 1 to Cholo
[2015/7/24 - 11:26:38] Guillermo Robinson adjusted family 3's rank 2 to Soldado
[2015/7/24 - 11:26:41] Guillermo Robinson adjusted family 3's rank 2 to Soldado'
[2015/7/24 - 11:27:2] Guillermo Robinson adjusted family 3's rank 6 to Jefe' 
[2015/7/24 - 11:27:16] Guillermo Robinson adjusted family 3's rank 4 to Vato Del Jefe' 
[2015/7/24 - 11:27:56] Guillermo Robinson adjusted family 3's rank 5 to El Jefe'
[2015/7/24 - 11:28:1] Guillermo Robinson adjusted family 3's rank 6 to El Jefe'
[2015/7/24 - 11:28:17] Guillermo Robinson adjusted family 3's rank 6 to El Jefe'
[2015/7/24 - 11:28:25] Guillermo Robinson adjusted family 3's rank 5 to El Terrible
[2015/7/24 - 11:30:10] Guillermo Robinson adjusted family 3's rank 3 to Blood'
[2015/7/24 - 16:28:11] Bob Marley has quit gang 2 as rank 6
[2015/7/24 - 17:5:1] Micheal Simpson invited Xav Martin to family 2 
[2015/7/24 - 17:5:11] Micheal Simpson set Xav Martin rank from 1 to 6 in family 2 
[2015/7/24 - 17:7:13] Xav Martin adjusted family 2's name to Grove Street Families
[2015/7/24 - 17:7:44] Xav Martin adjusted family 1's name to T.B.A
[2015/7/24 - 18:43:46] Micheal Simpson invited Dominic Toretto to family 2 
[2015/7/24 - 18:48:52] GangCMD: Micheal Simpson deleted crew no. 1
[2015/7/25 - 7:40:15] James Roberto has quit gang 2 as rank 0
