[2015/7/22 - 19:24:38] Dante Bangz has refunded Dante Bangz weapon ID 4 (Knife).
[2015/7/22 - 20:17:44] Dantey has refunded Dantey weapon ID 4 (Knife).
[2015/7/22 - 20:33:56] Dantey has refunded Tony Markson 10000 materials.
[2015/7/22 - 20:34:1] Dantey has refunded William Brown 10000 materials.
[2015/7/23 - 8:39:45] Dantey has refunded Vin Gage 20000 materials.
[2015/7/23 - 8:39:45] Dantey has refunded Vin Gage 20000 materials.
[2015/7/23 - 9:41:21] Marley has refunded Micheal Simpson 10000 materials.
[2015/7/23 - 10:44:13] Tyrone Newman has refunded Tyrone Newman weapon ID 4 (Knife).
[2015/7/23 - 10:44:32] Tyrone Newman has refunded Tyrone Newman weapon ID 4 (Knife).
[2015/7/23 - 10:59:57] William White has refunded William White weapon ID 4 (Knife).
[2015/7/23 - 12:55:45] Dante Bangz has refunded Shawn DeMorgan 40000 materials.
[2015/7/23 - 13:29:46] Yugo has refunded Micheal Simpson weapon ID 24 (Desert Eagle).
[2015/7/23 - 13:29:49] Yugo has refunded Micheal Simpson weapon ID 27 (Combat Shotgun).
[2015/7/23 - 13:29:55] Yugo has refunded Micheal Simpson weapon ID 31 (M4).
[2015/7/23 - 13:29:56] Yugo has refunded Micheal Simpson weapon ID 34 (Sniper Rifle).
[2015/7/23 - 13:29:58] Yugo has refunded Micheal Simpson weapon ID 32 (TEC9).
[2015/7/24 - 9:10:18] Xav Martin has refunded Xav Martin 25252 materials.
[2015/7/24 - 9:11:58] Xav Martin has refunded Xav Martin 999 gram(s) of crack.
[2015/7/24 - 9:12:1] Xav Martin has refunded Xav Martin 999 gram(s) of pot.
[2015/7/24 - 9:12:10] Dante Bangz has refunded Dante Bangz 100 gram(s) of crack.
[2015/7/24 - 9:16:2] Dante Bangz has refunded Tyler Wallace weapon ID 27 (Combat Shotgun).
[2015/7/24 - 9:16:3] Dante Bangz has refunded Tyler Wallace weapon ID 24 (Desert Eagle).
[2015/7/24 - 9:20:42] Dante Bangz has refunded Tyler Wallace weapon ID 24 (Desert Eagle).
[2015/7/24 - 9:20:43] Dante Bangz has refunded Tyler Wallace weapon ID 27 (Combat Shotgun).
[2015/7/24 - 9:23:44] Dante Bangz has refunded Dante Bangz weapon ID 24 (Desert Eagle).
[2015/7/24 - 9:23:45] Dante Bangz has refunded Dante Bangz weapon ID 27 (Combat Shotgun).
[2015/7/24 - 9:24:6] Dante Bangz has refunded Vin Gage weapon ID 24 (Desert Eagle).
[2015/7/24 - 9:24:7] Dante Bangz has refunded Vin Gage weapon ID 27 (Combat Shotgun).
[2015/7/24 - 9:26:23] Dante Bangz has refunded Tyler Wallace weapon ID 27 (Combat Shotgun).
[2015/7/24 - 9:35:48] Xav Martin has refunded Xav Martin weapon ID 24 (Desert Eagle).
[2015/7/24 - 9:35:49] Xav Martin has refunded Xav Martin weapon ID 27 (Combat Shotgun).
[2015/7/24 - 9:35:50] Xav Martin has refunded Xav Martin weapon ID 31 (M4).
[2015/7/24 - 9:35:51] Xav Martin has refunded Xav Martin weapon ID 34 (Sniper Rifle).
[2015/7/24 - 10:34:11] Dantey has refunded Micheal Simpson 50 gram(s) of crack.
[2015/7/24 - 10:34:14] Dantey has refunded Micheal Simpson 50 gram(s) of pot.
[2015/7/24 - 10:34:23] Dantey has refunded Micheal Simpson 20000 materials.
[2015/7/24 - 10:39:40] Dantey has refunded Dantey weapon ID 4 (Knife).
[2015/7/24 - 10:40:9] Dantey has refunded Dantey weapon ID 4 (Knife).
[2015/7/24 - 10:44:12] Dantey has refunded Vinny weapon ID 4 (Knife).
[2015/7/24 - 15:36:8] Dantey has refunded Dantey weapon ID 4 (Knife).
[2015/7/24 - 15:42:28] Dante Bangz has refunded Dante Bangz weapon ID 4 (Knife).
[2015/7/24 - 15:43:59] Dante Bangz has refunded Dante Bangz weapon ID 4 (Knife).
[2015/7/24 - 16:1:48] Dante Bangz has refunded Dante Bangz 100000 materials.
[2015/7/24 - 16:1:49] Dante Bangz has refunded Dante Bangz 100000 materials.
[2015/7/24 - 16:1:49] Dante Bangz has refunded Dante Bangz 100000 materials.
[2015/7/24 - 16:1:49] Dante Bangz has refunded Dante Bangz 100000 materials.
[2015/7/24 - 16:1:49] Dante Bangz has refunded Dante Bangz 100000 materials.
[2015/7/24 - 16:1:50] Dante Bangz has refunded Dante Bangz 100000 materials.
[2015/7/24 - 16:1:51] Dante Bangz has refunded Dante Bangz 100000 materials.
[2015/7/24 - 16:1:52] Dante Bangz has refunded Dante Bangz 100000 materials.
[2015/7/24 - 16:1:52] Dante Bangz has refunded Dante Bangz 100000 materials.
[2015/7/24 - 16:1:59] Dante Bangz has refunded Dante Bangz 100000 materials.
[2015/7/24 - 16:2:0] Dante Bangz has refunded Dante Bangz 100000 materials.
[2015/7/24 - 16:2:0] Dante Bangz has refunded Dante Bangz 100000 materials.
[2015/7/24 - 16:2:1] Dante Bangz has refunded Dante Bangz 100000 materials.
[2015/7/24 - 16:2:1] Dante Bangz has refunded Dante Bangz 100000 materials.
[2015/7/24 - 16:2:1] Dante Bangz has refunded Dante Bangz 100000 materials.
[2015/7/24 - 16:2:7] Dante Bangz has refunded Dante Bangz 54455 materials.
[2015/7/24 - 16:35:50] Dantey has refunded Dantey weapon ID 4 (Knife).
[2015/7/24 - 16:39:54] Dantey has refunded Dantey weapon ID 4 (Knife).
[2015/7/24 - 16:53:47] Xavier Maloni has refunded Xavier Maloni weapon ID 4 (Knife).
[2015/7/24 - 17:6:38] Xav Martin has refunded Xav Martin 362 gram(s) of pot.
[2015/7/24 - 17:6:43] Xav Martin has refunded Xav Martin 223 gram(s) of crack.
[2015/7/24 - 17:49:32] Dante Bangz has refunded Dante Bangz weapon ID 4 (Knife).
[2015/7/24 - 17:50:8] Dante Bangz has refunded Dante Bangz weapon ID 27 (Combat Shotgun).
[2015/7/25 - 8:56:16] Dante Bangz has refunded Dante Bangz weapon ID 24 (Desert Eagle).
[2015/7/25 - 8:56:18] Dante Bangz has refunded Dante Bangz weapon ID 25 (Shotgun).
[2015/7/25 - 8:56:28] Dante Bangz has refunded Dante Bangz weapon ID 27 (Combat Shotgun).
[2015/7/25 - 8:57:42] Dante Bangz has refunded Dante Bangz weapon ID 27 (Combat Shotgun).
[2015/7/25 - 8:58:34] Dante Bangz has refunded Micheal Simpson weapon ID 27 (Combat Shotgun).
[2015/7/25 - 9:1:53] Dante Bangz has refunded Dante Bangz weapon ID 27 (Combat Shotgun).
[2015/7/25 - 9:1:54] Dante Bangz has refunded Dante Bangz weapon ID 24 (Desert Eagle).
[2015/7/25 - 9:1:59] Dante Bangz has refunded Dante Bangz weapon ID 34 (Sniper Rifle).
[2015/7/25 - 9:48:5] Yugo has refunded Micheal Simpson 50 gram(s) of crack.
