[2015/7/22 - 17:45:33] Xav Feller changed "Xav Feller"s name to "Xav_Martin" for $1500
[2015/7/22 - 17:54:59] Xav changed "Transgender Splitzer"s name to "Yugoslav_Martin" for free (non-RP name).
[2015/7/22 - 17:56:44] Xav changed "Yugoslav Martin"s name to "Johnny_Del_Splitzer" for free (non-RP name).
[2015/7/22 - 18:1:12] Johnny changed "Dark Man"s name to "Pablo_Snoop" for free (non-RP name).
[2015/7/22 - 18:8:0]    Johnny Del Splitzer's Playing Hours has been set to 20 by Xav Martin
[2015/7/22 - 18:19:37]    Tony Markson's Playing Hours has been set to 2 by Xav Martin
[2015/7/22 - 18:19:49]    Pablo Snoop's Playing Hours has been set to 2 by Xav Martin
[2015/7/22 - 18:34:4]    Bob Marley's Playing Hours has been set to 2 by Bob Marley
[2015/7/22 - 18:41:31] Johnny Del Splitzer changed "Johnny Del Splitzer"s name to "Yugo_Jones" for $1500
[2015/7/22 - 18:46:46]    Paula Morrison's Playing Hours has been set to 2 by Bob Marley
[2015/7/22 - 19:24:14]    Dante Bangz's Respect Points have been set to 200 by Dante Bangz
[2015/7/22 - 19:24:15]    Dante Bangz's Playing Hours has been set to 200 by Dante Bangz
[2015/7/22 - 20:6:47]    Beth Song's Respect Points have been set to 25 by Dante Bangz
[2015/7/22 - 20:6:50]    Beth Song's Respect Points have been set to 8 by Dante Bangz
[2015/7/22 - 20:6:52]    Beth Song's Playing Hours has been set to 8 by Dante Bangz
[2015/7/22 - 20:8:27]    Cinqo Slash's Respect Points have been set to 8 by Dantey
[2015/7/22 - 20:8:29]    Cinqo Slash's Playing Hours has been set to 8 by Dantey
[2015/7/22 - 20:21:40]    William Brown's Playing Hours has been set to 8 by Dantey
[2015/7/22 - 20:21:42]    William Brown's Respect Points have been set to 8 by Dantey
[2015/7/23 - 7:31:57]    Rayen Alpicino's Respect Points have been set to 2 by Dante Bangz
[2015/7/23 - 7:32:0]    Rayen Alpicino's Playing Hours has been set to 2 by Dante Bangz
[2015/7/23 - 8:35:30]    Vin Gage's Playing Hours has been set to 8 by Dante Bangz
[2015/7/23 - 8:35:32]    Vin Gage's Respect Points have been set to 8 by Dante Bangz
[2015/7/23 - 8:35:38]    Keegan White's Respect Points have been set to 8 by Dante Bangz
[2015/7/23 - 8:35:40]    Keegan White's Playing Hours has been set to 8 by Dante Bangz
[2015/7/23 - 8:36:52]    Andre Scott's Playing Hours has been set to 2 by Dante Bangz
[2015/7/23 - 8:52:34]    Ebram Akram's Respect Points have been set to 8 by Dantey
[2015/7/23 - 8:52:36]    Ebram Akram's Respect Points have been set to 8 by Dantey
[2015/7/23 - 8:52:40]    Ebram Akram's Playing Hours has been set to 8 by Dantey
[2015/7/23 - 9:24:24]    Micheal Simpson's Respect Points have been set to 8 by Dante Bangz
[2015/7/23 - 9:24:26]    Micheal Simpson's Playing Hours has been set to 8 by Dante Bangz
[2015/7/23 - 10:15:21]    Tyrone Newman's Respect Points have been set to 25 by Tyrone Newman
[2015/7/23 - 10:15:24]    Tyrone Newman's Playing Hours has been set to 25 by Tyrone Newman
[2015/7/23 - 10:41:18]     Bob Marley's deaths have been set to 500 by Tyrone Newman
[2015/7/23 - 10:57:16] Yugo changed "Tyrone Newman"s name to "William_White" for $1500
[2015/7/23 - 10:58:6]    William Brown's Respect Points have been set to 25 by William White
[2015/7/23 - 10:58:9]    William Brown's Playing Hours has been set to 25 by William White
[2015/7/23 - 11:58:57]    Shawn DeMorgan's Respect Points have been set to 25 by Dante Bangz
[2015/7/23 - 11:58:59]    Shawn DeMorgan's Playing Hours has been set to 25 by Dante Bangz
[2015/7/23 - 11:59:1]    Curtis Denver's Playing Hours has been set to 25 by Dante Bangz
[2015/7/23 - 11:59:8]    Curtis Denver's Respect Points have been set to 25 by Dante Bangz
[2015/7/23 - 12:4:28]    Guillermo Robinson's Playing Hours has been set to 8 by Dantey
[2015/7/23 - 12:4:30]    Guillermo Robinson's Respect Points have been set to 8 by Dantey
[2015/7/23 - 12:22:20] Dante Bangz changed "Curtis Denver"s name to "Curt_Hunt" for free (HMA or FBI).
[2015/7/23 - 12:24:7]    Micheal Simpson's Playing Hours has been set to 12 by Dante Bangz
[2015/7/23 - 12:52:43]    William Maxy's Family Membership has been set to 2 by Dante Bangz
[2015/7/23 - 13:22:28]    Marina Cobra's Family Membership has been set to 2 by Dante Bangz
[2015/7/23 - 13:23:7]    Marina Cobra's Family Membership has been set to 2 by Dante Bangz
[2015/7/23 - 13:23:7]    Marina Cobra's Family Membership has been set to 2 by Dante Bangz
[2015/7/23 - 13:23:11]    Marina Cobra's Playing Hours has been set to 2 by Dante Bangz
[2015/7/23 - 13:26:27]     Dante Bangz's deaths have been set to 0 by Dante Bangz
[2015/7/24 - 7:18:5]    Xav Martin's Playing Hours has been set to 2 by Xav Martin
[2015/7/24 - 8:50:6]    Tyler Wallace's Respect Points have been set to 25 by Dante Bangz
[2015/7/24 - 8:50:8]    Tyler Wallace's Playing Hours has been set to 25 by Dante Bangz
[2015/7/24 - 9:41:56]    Xav Martin's Detective Skill has been set to 500 by Xav Martin
[2015/7/24 - 9:42:37]    Xav Martin's Job has been set to 9 by Xav Martin
[2015/7/24 - 9:42:51]    Xav Martin's Job has been set to 1 by Xav Martin
[2015/7/24 - 9:59:17] Vin Gage changed "Vin Gage"s name to "Vin_Armstrong" for $3000
[2015/7/24 - 10:23:6] Dante Bangz changed "William Brown"s name to "Aiden_Pearce" for $4500
[2015/7/24 - 11:7:8]    Tony James's Family Membership has been set to 2 by Dantey
[2015/7/24 - 11:7:10]    Invalid stat code. by Dantey
[2015/7/24 - 11:7:21]    Antohny James's Family Membership has been set to 2 by Dantey
[2015/7/24 - 11:7:27]    Antohny James's Respect Points have been set to 2 by Dantey
[2015/7/24 - 11:10:11]    Leonardo Wallace's Family Membership has been set to 2 by Dantey
[2015/7/24 - 11:10:15]    Leonardo Wallace's Playing Hours has been set to 2 by Dantey
[2015/7/24 - 11:24:0]    Tony James's Playing Hours has been set to 2 by Dante Bangz
[2015/7/24 - 15:12:2]    Jack Sizar's Playing Hours has been set to 2 by Xav Martin
[2015/7/24 - 15:21:57]    Jack Sizar's Playing Hours has been set to 4 by Xav Martin
[2015/7/24 - 16:6:0]    Dante Bangz's Arms Skill has been set to 54 by Dante Bangz
[2015/7/24 - 16:6:12]    Dante Bangz's Arms Skill has been set to 54454 by Dante Bangz
[2015/7/24 - 16:6:17]    Dante Bangz's Arms Skill has been set to 544 by Dante Bangz
[2015/7/24 - 16:6:22]    Dante Bangz's Arms Skill has been set to 100 by Dante Bangz
[2015/7/24 - 16:6:29]    Dante Bangz's Arms Skill has been set to 250 by Dante Bangz
[2015/7/24 - 16:6:47]    Dante Bangz's Arms Skill has been set to 350 by Dante Bangz
[2015/7/24 - 16:15:59]    Thane Xanax's Family Membership has been set to 2 by Dante Bangz
[2015/7/24 - 16:16:3]    Thane Xanax's Playing Hours has been set to 2 by Dante Bangz
[2015/7/24 - 16:16:11]    Thane Xanax's Playing Hours has been set to 8 by Dante Bangz
[2015/7/24 - 16:16:13]    Thane Xanax's Respect Points have been set to 8 by Dante Bangz
[2015/7/24 - 16:24:38]    Bob Marley's Respect Points have been set to 8 by Dantey
[2015/7/24 - 16:24:40]    Bob Marley's Playing Hours has been set to 8 by Dantey
[2015/7/24 - 16:50:17]    Xavier Maloni's Level has been set to 1 by Xavier Maloni
[2015/7/24 - 16:58:29]    Xav Martin's Faction has been set to 0 by Xav Martin
[2015/7/24 - 17:33:0]    Dominic Toretto's Playing Hours has been set to 2 by Xav
[2015/7/24 - 17:52:14] Xav Martin changed "Yugo Jones"s name to "johny_noob_splitzer"
[2015/7/24 - 17:52:32] Yugo changed "Xav Martin"s name to "ur_mom"
[2015/7/24 - 17:52:51] ur mom changed "johny noob splitzer"s name to "Yugo_Slave"
[2015/7/24 - 17:53:1] ur mom changed "ur mom"s name to "Xav_Martin"
[2015/7/24 - 17:56:20] Yugo Slave changed "Yugo Slave"s name to "Guru_Popovich" for $1500
[2015/7/24 - 17:59:52]    Jazz Thomax's Playing Hours has been set to 2 by Xav Martin
[2015/7/24 - 18:3:35] Guru Popovich changed "Guru Popovich"s name to "Yugo_Jones" for $1500
[2015/7/24 - 18:13:33]    Xav Martin's Playing Hours has been set to 8 by Dante Bangz
[2015/7/24 - 18:13:39]    Xav Martin's Playing Hours has been set to 545 by Dante Bangz
[2015/7/25 - 7:26:29]     Micheal Simpson's deaths have been set to 2 by Dante Bangz
[2015/7/25 - 7:36:26]    James Roberto's Family Membership has been set to 2 by Dante Bangz
[2015/7/25 - 7:36:30]    James Roberto's Playing Hours has been set to 2 by Dante Bangz
[2015/7/25 - 8:26:54]    Dante Bangz's Phone Number has been set to 8 by Dante Bangz
[2015/7/25 - 9:25:18] Dante Bangz changed "Bob Marley"s name to "ijdds_sldksaod" for free (non-RP name).
[2015/7/25 - 9:28:4]    Bob Marley's Playing Hours has been set to 2 by Dante Bangz
[2015/7/25 - 9:28:6]    Bob Marley's Playing Hours has been set to 8 by Dante Bangz
[2015/7/25 - 9:28:7]    Bob Marley's Respect Points have been set to 8 by Dante Bangz
[2016/6/21 - 22:58:8]    George Sopranie's Playing Hours has been set to 6969696 by George Sopranie
[2016/12/4 - 2:49:42]    Qasim BadShah's Level has been set to 3 by Qasim BadShah
